Logfile initialized
[INFO] logfile = /home/jui/Titanium Studio Workspace/juoksu/build.log
[DEBUG] /home/jui/.titanium/mobilesdk/linux/1.7.0.RC1/android/builder.py run /home/jui/Titanium Studio Workspace/juoksu /opt/android
[INFO] Titanium SDK version: 1.7.0 (05/15/11 17:26 e6afca8)
[DEBUG] Waiting for device to be ready ...
[TRACE] adb devices returned 1 devices/emulators
[DEBUG] Device connected... (waited 0 seconds)
[DEBUG] waited 0.006619 seconds on emulator to get ready
[DEBUG] fi.kepit.juoksu installed? True
[INFO] Fastdev server running, deploying in Fastdev mode
[INFO] Copying project resources..
[TRACE] COPYING CREATED FILE: /home/jui/Titanium Studio Workspace/juoksu/Resources/ohjelma.js => /home/jui/Titanium Studio Workspace/juoksu/build/android/bin/assets/Resources/ohjelma.js
[TRACE] COPYING MODIFIED FILE: /home/jui/Titanium Studio Workspace/juoksu/Resources/app.js => /home/jui/Titanium Studio Workspace/juoksu/build/android/bin/assets/Resources/app.js
[INFO] Tiapp.xml unchanged, skipping class generation
[DEBUG] Processing Android resource drawables
[DEBUG] found drawable-notlong-land-ldpi splash screen at /home/jui/Titanium Studio Workspace/juoksu/Resources/android/images/res-notlong-land-ldpi/default.png
[DEBUG] found drawable-notlong-land-mdpi splash screen at /home/jui/Titanium Studio Workspace/juoksu/Resources/android/images/res-notlong-land-mdpi/default.png
[DEBUG] found drawable-notlong-port-ldpi splash screen at /home/jui/Titanium Studio Workspace/juoksu/Resources/android/images/res-notlong-port-ldpi/default.png
[DEBUG] found drawable-long-land-hdpi splash screen at /home/jui/Titanium Studio Workspace/juoksu/Resources/android/images/res-long-land-hdpi/default.png
[DEBUG] found drawable-long-land-ldpi splash screen at /home/jui/Titanium Studio Workspace/juoksu/Resources/android/images/res-long-land-ldpi/default.png
[DEBUG] found drawable-notlong-port-hdpi splash screen at /home/jui/Titanium Studio Workspace/juoksu/Resources/android/images/res-notlong-port-hdpi/default.png
[DEBUG] found drawable-notlong-land-hdpi splash screen at /home/jui/Titanium Studio Workspace/juoksu/Resources/android/images/res-notlong-land-hdpi/default.png
[DEBUG] found drawable-long-port-hdpi splash screen at /home/jui/Titanium Studio Workspace/juoksu/Resources/android/images/res-long-port-hdpi/default.png
[DEBUG] found drawable-notlong-port-mdpi splash screen at /home/jui/Titanium Studio Workspace/juoksu/Resources/android/images/res-notlong-port-mdpi/default.png
[DEBUG] found drawable-long-port-ldpi splash screen at /home/jui/Titanium Studio Workspace/juoksu/Resources/android/images/res-long-port-ldpi/default.png
[INFO] Waiting for SDCard to become available..
[INFO] Re-launching application ... juoksu
[INFO] Launching application ... juoksu
[TRACE] Launch output: Starting: Intent { act=android.intent.action.MAIN cat=[android.intent.category.LAUNCHER] cmp=fi.kepit.juoksu/.JuoksuActivity }

[INFO] Relaunched juoksu ... Application should be running.
